[20-Feb-2020 18:02:26 UTC] PHP Parse error:  syntax error, unexpected '<', expecting end of file in phar:///usr/local/bin/wp/vendor/wp-cli/wp-cli/php/WP_CLI/SynopsisValidator.php on line 92
[21-Feb-2020 16:05:39 UTC] PHP Fatal error:  Allowed memory size of 268435456 bytes exhausted (tried to allocate 20480 bytes) in /app/public/wp-includes/class-wp-hook.php on line 281
[21-Feb-2020 16:06:20 UTC] PHP Fatal error:  Allowed memory size of 268435456 bytes exhausted (tried to allocate 20480 bytes) in /app/public/wp-includes/class-wp-hook.php on line 281
[21-Feb-2020 16:08:28 UTC] PHP Fatal error:  Allowed memory size of 268435456 bytes exhausted (tried to allocate 262144 bytes) in /app/public/wp-includes/cache.php on line 123
[21-Feb-2020 16:08:28 UTC] PHP Fatal error:  Allowed memory size of 268435456 bytes exhausted (tried to allocate 262144 bytes) in Unknown on line 0
[21-Feb-2020 16:08:28 UTC] PHP Fatal error:  Allowed memory size of 268435456 bytes exhausted (tried to allocate 20480 bytes) in /app/public/wp-includes/class-wp-hook.php on line 281
[21-Feb-2020 16:12:00 UTC] PHP Fatal error:  Allowed memory size of 268435456 bytes exhausted (tried to allocate 20480 bytes) in /app/public/wp-includes/class-wp-hook.php on line 281
[21-Feb-2020 16:16:36 UTC] PHP Fatal error:  Allowed memory size of 268435456 bytes exhausted (tried to allocate 20480 bytes) in /app/public/wp-includes/class.wp-dependencies.php on line 297
[21-Feb-2020 16:23:19 UTC] PHP Fatal error:  Allowed memory size of 268435456 bytes exhausted (tried to allocate 20480 bytes) in /app/public/wp-includes/class-wp-hook.php on line 281
[21-Feb-2020 16:26:05 UTC] PHP Fatal error:  Allowed memory size of 268435456 bytes exhausted (tried to allocate 20480 bytes) in /app/public/wp-includes/class.wp-dependencies.php on line 297
[21-Feb-2020 16:27:14 UTC] PHP Fatal error:  Allowed memory size of 268435456 bytes exhausted (tried to allocate 20480 bytes) in /app/public/wp-includes/class.wp-dependencies.php on line 297
[21-Feb-2020 16:27:40 UTC] PHP Fatal error:  Allowed memory size of 268435456 bytes exhausted (tried to allocate 20480 bytes) in /app/public/wp-includes/class-wp-hook.php on line 281
[21-Feb-2020 16:29:17 UTC] PHP Fatal error:  Allowed memory size of 268435456 bytes exhausted (tried to allocate 262144 bytes) in /app/public/wp-includes/cache.php on line 544
[21-Feb-2020 16:29:17 UTC] PHP Fatal error:  Allowed memory size of 268435456 bytes exhausted (tried to allocate 262144 bytes) in Unknown on line 0
[21-Feb-2020 16:29:54 UTC] PHP Fatal error:  Allowed memory size of 268435456 bytes exhausted (tried to allocate 262144 bytes) in /app/public/wp-includes/cache.php on line 123
[21-Feb-2020 16:29:54 UTC] PHP Fatal error:  Allowed memory size of 268435456 bytes exhausted (tried to allocate 262144 bytes) in Unknown on line 0
[21-Feb-2020 16:30:03 UTC] PHP Fatal error:  Allowed memory size of 268435456 bytes exhausted (tried to allocate 262144 bytes) in /app/public/wp-includes/option.php on line 34
[21-Feb-2020 16:30:03 UTC] PHP Fatal error:  Allowed memory size of 268435456 bytes exhausted (tried to allocate 262144 bytes) in /app/public/wp-includes/class-wp-fatal-error-handler.php on line 35
[21-Feb-2020 16:30:04 UTC] PHP Fatal error:  Allowed memory size of 268435456 bytes exhausted (tried to allocate 20480 bytes) in /app/public/wp-includes/class.wp-dependencies.php on line 297
[21-Feb-2020 16:31:18 UTC] PHP Fatal error:  Allowed memory size of 268435456 bytes exhausted (tried to allocate 20480 bytes) in /app/public/wp-includes/class-wp-hook.php on line 281
[21-Feb-2020 16:32:00 UTC] PHP Fatal error:  Allowed memory size of 268435456 bytes exhausted (tried to allocate 262144 bytes) in /app/public/wp-includes/option.php on line 30
[21-Feb-2020 16:32:00 UTC] PHP Fatal error:  Allowed memory size of 268435456 bytes exhausted (tried to allocate 262144 bytes) in Unknown on line 0
[21-Feb-2020 16:55:14 UTC] PHP Parse error:  syntax error, unexpected ')', expecting ',' or ';' in /app/public/wp-content/themes/Rimondia/index.php on line 38
[24-Feb-2020 15:04:35 UTC] PHP Parse error:  syntax error, unexpected end of file, expecting elseif (T_ELSEIF) or else (T_ELSE) or endif (T_ENDIF) in /app/public/wp-content/themes/Rimondia/index.php on line 580
[25-Feb-2020 16:14:35 UTC] PHP Warning:  call_user_func_array() expects parameter 1 to be a valid callback, function 'cw_post_type_news' not found or invalid function name in /app/public/wp-includes/class-wp-hook.php on line 288
[25-Feb-2020 20:41:33 UTC] PHP Warning:  preg_replace(): No ending delimiter '&' found in /app/public/wp-content/themes/Rimondia/index.php on line 262
[25-Feb-2020 20:41:33 UTC] PHP Warning:  preg_replace(): No ending delimiter '&' found in /app/public/wp-content/themes/Rimondia/index.php on line 262
[25-Feb-2020 20:41:33 UTC] PHP Warning:  preg_replace(): No ending delimiter '&' found in /app/public/wp-content/themes/Rimondia/index.php on line 262
[25-Feb-2020 20:41:33 UTC] PHP Warning:  preg_replace(): No ending delimiter '&' found in /app/public/wp-content/themes/Rimondia/index.php on line 262
[25-Feb-2020 20:42:05 UTC] PHP Warning:  preg_replace(): No ending delimiter '&' found in /app/public/wp-content/themes/Rimondia/index.php on line 262
[25-Feb-2020 20:42:05 UTC] PHP Warning:  preg_replace(): No ending delimiter '&' found in /app/public/wp-content/themes/Rimondia/index.php on line 262
[25-Feb-2020 20:42:05 UTC] PHP Warning:  preg_replace(): No ending delimiter '&' found in /app/public/wp-content/themes/Rimondia/index.php on line 262
[25-Feb-2020 20:42:05 UTC] PHP Warning:  preg_replace(): No ending delimiter '&' found in /app/public/wp-content/themes/Rimondia/index.php on line 262
[25-Feb-2020 20:42:25 UTC] PHP Warning:  preg_replace(): Delimiter must not be alphanumeric or backslash in /app/public/wp-content/themes/Rimondia/index.php on line 262
[25-Feb-2020 20:42:25 UTC] PHP Warning:  preg_replace(): Delimiter must not be alphanumeric or backslash in /app/public/wp-content/themes/Rimondia/index.php on line 262
[25-Feb-2020 20:42:25 UTC] PHP Warning:  preg_replace(): Delimiter must not be alphanumeric or backslash in /app/public/wp-content/themes/Rimondia/index.php on line 262
[25-Feb-2020 20:42:25 UTC] PHP Warning:  preg_replace(): Delimiter must not be alphanumeric or backslash in /app/public/wp-content/themes/Rimondia/index.php on line 262
[26-Feb-2020 14:06:11 UTC] PHP Warning:  Onverwachte fout. Er kan iets mis zijn met WordPress.org of de configuratie van deze server. Als de problemen aanhouden, zoek dan hulp in het <a href="https://nl.wordpress.org/support/forums/">ondersteuningsforum</a>. (WordPress kon geen beveiligde verbinding maken met WordPress.org. Neem contact op met de serverbeheerder.) in /app/public/wp-includes/update.php on line 162
[26-Feb-2020 14:06:11 UTC] PHP Warning:  Onverwachte fout. Er kan iets mis zijn met WordPress.org of de configuratie van deze server. Als de problemen aanhouden, zoek dan hulp in het <a href="https://nl.wordpress.org/support/forums/">ondersteuningsforum</a>. (WordPress kon geen beveiligde verbinding maken met WordPress.org. Neem contact op met de serverbeheerder.) in /app/public/wp-includes/update.php on line 388
[26-Feb-2020 14:06:11 UTC] PHP Warning:  Onverwachte fout. Er kan iets mis zijn met WordPress.org of de configuratie van deze server. Als de problemen aanhouden, zoek dan hulp in het <a href="https://nl.wordpress.org/support/forums/">ondersteuningsforum</a>. (WordPress kon geen beveiligde verbinding maken met WordPress.org. Neem contact op met de serverbeheerder.) in /app/public/wp-includes/update.php on line 577
[26-Feb-2020 14:19:10 UTC] PHP Warning:  Illegal string offset 'text' in /app/public/wp-content/themes/Rimondia/functions.php on line 101
[26-Feb-2020 14:22:10 UTC] PHP Warning:  Illegal string offset 'text' in /app/public/wp-content/themes/Rimondia/functions.php on line 101
[26-Feb-2020 14:28:34 UTC] PHP Warning:  Illegal string offset 'text' in /app/public/wp-content/themes/Rimondia/functions.php on line 101
[26-Feb-2020 14:28:48 UTC] PHP Warning:  Illegal string offset 'text' in /app/public/wp-content/themes/Rimondia/index.php on line 262
[26-Feb-2020 14:28:48 UTC] PHP Warning:  Illegal string offset 'text' in /app/public/wp-content/themes/Rimondia/index.php on line 262
[26-Feb-2020 14:28:48 UTC] PHP Warning:  Illegal string offset 'text' in /app/public/wp-content/themes/Rimondia/index.php on line 262
[26-Feb-2020 14:29:14 UTC] PHP Warning:  Illegal string offset 'text' in /app/public/wp-content/themes/Rimondia/index.php on line 262
[26-Feb-2020 14:29:14 UTC] PHP Warning:  Illegal string offset 'text' in /app/public/wp-content/themes/Rimondia/index.php on line 262
[26-Feb-2020 14:29:14 UTC] PHP Warning:  Illegal string offset 'text' in /app/public/wp-content/themes/Rimondia/index.php on line 262
[26-Feb-2020 15:04:43 UTC] PHP Warning:  Illegal string offset 'joe' in /app/public/wp-content/themes/Rimondia/functions.php on line 66
[26-Feb-2020 15:04:52 UTC] PHP Warning:  Illegal string offset 'joe' in /app/public/wp-content/themes/Rimondia/functions.php on line 66
[26-Feb-2020 15:17:37 UTC] PHP Parse error:  syntax error, unexpected '<' in /app/public/wp-content/themes/Rimondia/functions.php on line 66
[26-Feb-2020 16:32:53 UTC] PHP Warning:  Illegal string offset 'image' in /app/public/wp-content/themes/Rimondia/functions.php on line 64
[26-Feb-2020 16:32:53 UTC] PHP Warning:  Illegal string offset 'image' in /app/public/wp-content/themes/Rimondia/functions.php on line 67
[26-Feb-2020 16:33:47 UTC] PHP Warning:  Illegal string offset 'image' in /app/public/wp-content/themes/Rimondia/functions.php on line 64
[26-Feb-2020 16:33:47 UTC] PHP Warning:  Illegal string offset 'image' in /app/public/wp-content/themes/Rimondia/functions.php on line 67
[26-Feb-2020 16:34:42 UTC] PHP Warning:  Illegal string offset 'image' in /app/public/wp-content/themes/Rimondia/functions.php on line 64
[26-Feb-2020 16:35:04 UTC] PHP Warning:  Illegal string offset 'image' in /app/public/wp-content/themes/Rimondia/functions.php on line 64
[26-Feb-2020 16:35:16 UTC] PHP Warning:  Illegal string offset 'image' in /app/public/wp-content/themes/Rimondia/functions.php on line 64
[26-Feb-2020 16:35:43 UTC] PHP Warning:  Illegal string offset 'image' in /app/public/wp-content/themes/Rimondia/functions.php on line 64
[26-Feb-2020 20:36:00 UTC] PHP Warning:  Onverwachte fout. Er kan iets mis zijn met WordPress.org of de configuratie van deze server. Als de problemen aanhouden, zoek dan hulp in het <a href="https://nl.wordpress.org/support/forums/">ondersteuningsforum</a>. (WordPress kon geen beveiligde verbinding maken met WordPress.org. Neem contact op met de serverbeheerder.) in /app/public/wp-includes/update.php on line 162
[26-Feb-2020 20:36:00 UTC] PHP Warning:  Onverwachte fout. Er kan iets mis zijn met WordPress.org of de configuratie van deze server. Als de problemen aanhouden, zoek dan hulp in het <a href="https://nl.wordpress.org/support/forums/">ondersteuningsforum</a>. (WordPress kon geen beveiligde verbinding maken met WordPress.org. Neem contact op met de serverbeheerder.) in /app/public/wp-includes/update.php on line 577
[26-Feb-2020 20:36:00 UTC] PHP Warning:  Onverwachte fout. Er kan iets mis zijn met WordPress.org of de configuratie van deze server. Als de problemen aanhouden, zoek dan hulp in het <a href="https://nl.wordpress.org/support/forums/">ondersteuningsforum</a>. (WordPress kon geen beveiligde verbinding maken met WordPress.org. Neem contact op met de serverbeheerder.) in /app/public/wp-includes/update.php on line 388
[26-Feb-2020 20:36:00 UTC] PHP Warning:  Onverwachte fout. Er kan iets mis zijn met WordPress.org of de configuratie van deze server. Als de problemen aanhouden, zoek dan hulp in het <a href="https://nl.wordpress.org/support/forums/">ondersteuningsforum</a>. (WordPress kon geen beveiligde verbinding maken met WordPress.org. Neem contact op met de serverbeheerder.) in /app/public/wp-includes/update.php on line 577
[27-Feb-2020 17:22:02 UTC] PHP Warning:  Onverwachte fout. Er kan iets mis zijn met WordPress.org of de configuratie van deze server. Als de problemen aanhouden, zoek dan hulp in het <a href="https://nl.wordpress.org/support/forums/">ondersteuningsforum</a>. (WordPress kon geen beveiligde verbinding maken met WordPress.org. Neem contact op met de serverbeheerder.) in /app/public/wp-includes/update.php on line 162
[27-Feb-2020 17:22:02 UTC] PHP Warning:  Onverwachte fout. Er kan iets mis zijn met WordPress.org of de configuratie van deze server. Als de problemen aanhouden, zoek dan hulp in het <a href="https://nl.wordpress.org/support/forums/">ondersteuningsforum</a>. (WordPress kon geen beveiligde verbinding maken met WordPress.org. Neem contact op met de serverbeheerder.) in /app/public/wp-includes/update.php on line 388
[27-Feb-2020 17:22:02 UTC] PHP Warning:  Onverwachte fout. Er kan iets mis zijn met WordPress.org of de configuratie van deze server. Als de problemen aanhouden, zoek dan hulp in het <a href="https://nl.wordpress.org/support/forums/">ondersteuningsforum</a>. (WordPress kon geen beveiligde verbinding maken met WordPress.org. Neem contact op met de serverbeheerder.) in /app/public/wp-includes/update.php on line 577
[05-Mar-2020 18:20:51 UTC] PHP Warning:  A non-numeric value encountered in /app/public/wp-content/themes/Rimondia/single-vacatures.php on line 14
[06-Mar-2020 18:01:25 UTC] PHP Warning:  Onverwachte fout. Er kan iets mis zijn met WordPress.org of de configuratie van deze server. Als de problemen aanhouden, zoek dan hulp in het <a href="https://nl.wordpress.org/support/forums/">ondersteuningsforum</a>. (WordPress kon geen beveiligde verbinding maken met WordPress.org. Neem contact op met de serverbeheerder.) in /app/public/wp-includes/update.php on line 162
[06-Mar-2020 18:01:25 UTC] PHP Warning:  Onverwachte fout. Er kan iets mis zijn met WordPress.org of de configuratie van deze server. Als de problemen aanhouden, zoek dan hulp in het <a href="https://nl.wordpress.org/support/forums/">ondersteuningsforum</a>. (WordPress kon geen beveiligde verbinding maken met WordPress.org. Neem contact op met de serverbeheerder.) in /app/public/wp-includes/update.php on line 388
[06-Mar-2020 18:01:25 UTC] PHP Warning:  Onverwachte fout. Er kan iets mis zijn met WordPress.org of de configuratie van deze server. Als de problemen aanhouden, zoek dan hulp in het <a href="https://nl.wordpress.org/support/forums/">ondersteuningsforum</a>. (WordPress kon geen beveiligde verbinding maken met WordPress.org. Neem contact op met de serverbeheerder.) in /app/public/wp-includes/update.php on line 577
[08-Mar-2020 14:15:39 UTC] PHP Warning:  Onverwachte fout. Er kan iets mis zijn met WordPress.org of de configuratie van deze server. Als de problemen aanhouden, zoek dan hulp in het <a href="https://nl.wordpress.org/support/forums/">ondersteuningsforum</a>. (WordPress kon geen beveiligde verbinding maken met WordPress.org. Neem contact op met de serverbeheerder.) in /app/public/wp-includes/update.php on line 162
[08-Mar-2020 14:15:39 UTC] PHP Warning:  Onverwachte fout. Er kan iets mis zijn met WordPress.org of de configuratie van deze server. Als de problemen aanhouden, zoek dan hulp in het <a href="https://nl.wordpress.org/support/forums/">ondersteuningsforum</a>. (WordPress kon geen beveiligde verbinding maken met WordPress.org. Neem contact op met de serverbeheerder.) in /app/public/wp-includes/update.php on line 388
[08-Mar-2020 14:15:40 UTC] PHP Warning:  Onverwachte fout. Er kan iets mis zijn met WordPress.org of de configuratie van deze server. Als de problemen aanhouden, zoek dan hulp in het <a href="https://nl.wordpress.org/support/forums/">ondersteuningsforum</a>. (WordPress kon geen beveiligde verbinding maken met WordPress.org. Neem contact op met de serverbeheerder.) in /app/public/wp-includes/update.php on line 577
[09-Mar-2020 21:15:56 UTC] PHP Warning:  Onverwachte fout. Er kan iets mis zijn met WordPress.org of de configuratie van deze server. Als de problemen aanhouden, zoek dan hulp in het <a href="https://nl.wordpress.org/support/forums/">ondersteuningsforum</a>. (WordPress kon geen beveiligde verbinding maken met WordPress.org. Neem contact op met de serverbeheerder.) in /app/public/wp-includes/update.php on line 162
[09-Mar-2020 21:15:56 UTC] PHP Warning:  Onverwachte fout. Er kan iets mis zijn met WordPress.org of de configuratie van deze server. Als de problemen aanhouden, zoek dan hulp in het <a href="https://nl.wordpress.org/support/forums/">ondersteuningsforum</a>. (WordPress kon geen beveiligde verbinding maken met WordPress.org. Neem contact op met de serverbeheerder.) in /app/public/wp-includes/update.php on line 388
[09-Mar-2020 21:15:57 UTC] PHP Warning:  Onverwachte fout. Er kan iets mis zijn met WordPress.org of de configuratie van deze server. Als de problemen aanhouden, zoek dan hulp in het <a href="https://nl.wordpress.org/support/forums/">ondersteuningsforum</a>. (WordPress kon geen beveiligde verbinding maken met WordPress.org. Neem contact op met de serverbeheerder.) in /app/public/wp-includes/update.php on line 577
[14-Mar-2020 18:32:02 UTC] PHP Warning:  Onverwachte fout. Er kan iets mis zijn met WordPress.org of de configuratie van deze server. Als de problemen aanhouden, zoek dan hulp in het <a href="https://nl.wordpress.org/support/forums/">ondersteuningsforum</a>. (WordPress kon geen beveiligde verbinding maken met WordPress.org. Neem contact op met de serverbeheerder.) in /app/public/wp-includes/update.php on line 162
[14-Mar-2020 18:32:02 UTC] PHP Warning:  Onverwachte fout. Er kan iets mis zijn met WordPress.org of de configuratie van deze server. Als de problemen aanhouden, zoek dan hulp in het <a href="https://nl.wordpress.org/support/forums/">ondersteuningsforum</a>. (WordPress kon geen beveiligde verbinding maken met WordPress.org. Neem contact op met de serverbeheerder.) in /app/public/wp-includes/update.php on line 388
[14-Mar-2020 18:32:02 UTC] PHP Warning:  Onverwachte fout. Er kan iets mis zijn met WordPress.org of de configuratie van deze server. Als de problemen aanhouden, zoek dan hulp in het <a href="https://nl.wordpress.org/support/forums/">ondersteuningsforum</a>. (WordPress kon geen beveiligde verbinding maken met WordPress.org. Neem contact op met de serverbeheerder.) in /app/public/wp-includes/update.php on line 577
[15-Mar-2020 19:12:56 UTC] PHP Warning:  Onverwachte fout. Er kan iets mis zijn met WordPress.org of de configuratie van deze server. Als de problemen aanhouden, zoek dan hulp in het <a href="https://nl.wordpress.org/support/forums/">ondersteuningsforum</a>. (WordPress kon geen beveiligde verbinding maken met WordPress.org. Neem contact op met de serverbeheerder.) in /app/public/wp-includes/update.php on line 162
[15-Mar-2020 19:12:56 UTC] PHP Warning:  Onverwachte fout. Er kan iets mis zijn met WordPress.org of de configuratie van deze server. Als de problemen aanhouden, zoek dan hulp in het <a href="https://nl.wordpress.org/support/forums/">ondersteuningsforum</a>. (WordPress kon geen beveiligde verbinding maken met WordPress.org. Neem contact op met de serverbeheerder.) in /app/public/wp-includes/update.php on line 388
[15-Mar-2020 19:12:56 UTC] PHP Warning:  Onverwachte fout. Er kan iets mis zijn met WordPress.org of de configuratie van deze server. Als de problemen aanhouden, zoek dan hulp in het <a href="https://nl.wordpress.org/support/forums/">ondersteuningsforum</a>. (WordPress kon geen beveiligde verbinding maken met WordPress.org. Neem contact op met de serverbeheerder.) in /app/public/wp-includes/update.php on line 577
[30-Mar-2020 19:06:34 UTC] PHP Warning:  Onverwachte fout. Er kan iets mis zijn met WordPress.org of de configuratie van deze server. Als de problemen aanhouden, zoek dan hulp in het <a href="https://nl.wordpress.org/support/forums/">ondersteuningsforum</a>. (WordPress kon geen beveiligde verbinding maken met WordPress.org. Neem contact op met de serverbeheerder.) in /app/public/wp-includes/update.php on line 162
[30-Mar-2020 19:06:55 UTC] PHP Warning:  Onverwachte fout. Er kan iets mis zijn met WordPress.org of de configuratie van deze server. Als de problemen aanhouden, zoek dan hulp in het <a href="https://nl.wordpress.org/support/forums/">ondersteuningsforum</a>. (WordPress kon geen beveiligde verbinding maken met WordPress.org. Neem contact op met de serverbeheerder.) in /app/public/wp-includes/update.php on line 388
[30-Mar-2020 19:07:16 UTC] PHP Warning:  Onverwachte fout. Er kan iets mis zijn met WordPress.org of de configuratie van deze server. Als de problemen aanhouden, zoek dan hulp in het <a href="https://nl.wordpress.org/support/forums/">ondersteuningsforum</a>. (WordPress kon geen beveiligde verbinding maken met WordPress.org. Neem contact op met de serverbeheerder.) in /app/public/wp-includes/update.php on line 577
[31-Mar-2020 19:29:36 UTC] PHP Warning:  Onverwachte fout. Er kan iets mis zijn met WordPress.org of de configuratie van deze server. Als de problemen aanhouden, zoek dan hulp in het <a href="https://nl.wordpress.org/support/forums/">ondersteuningsforum</a>. (WordPress kon geen beveiligde verbinding maken met WordPress.org. Neem contact op met de serverbeheerder.) in /app/public/wp-includes/update.php on line 162
[31-Mar-2020 19:29:37 UTC] PHP Warning:  Onverwachte fout. Er kan iets mis zijn met WordPress.org of de configuratie van deze server. Als de problemen aanhouden, zoek dan hulp in het <a href="https://nl.wordpress.org/support/forums/">ondersteuningsforum</a>. (WordPress kon geen beveiligde verbinding maken met WordPress.org. Neem contact op met de serverbeheerder.) in /app/public/wp-includes/update.php on line 388
[31-Mar-2020 19:29:37 UTC] PHP Warning:  Onverwachte fout. Er kan iets mis zijn met WordPress.org of de configuratie van deze server. Als de problemen aanhouden, zoek dan hulp in het <a href="https://nl.wordpress.org/support/forums/">ondersteuningsforum</a>. (WordPress kon geen beveiligde verbinding maken met WordPress.org. Neem contact op met de serverbeheerder.) in /app/public/wp-includes/update.php on line 577
